{
  "RSpec": {
    "coverage": {
      "/Users/spencercarter/turing/3mod/projects/tank_man/spec/support/model_helpers.rb": [
        1,
        1,
        null,
        null,
        null,
        null,
        null,
        null,
        null,
        null,
        null,
        null,
        null,
        null,
        null,
        null,
        null,
        null,
        null,
        null
      ],
      "/Users/spencercarter/turing/3mod/projects/tank_man/spec/features/reviews/reviews_spec.rb": [
        1,
        null,
        1,
        null,
        1,
        1,
        1,
        1,
        1,
        null,
        null,
        null,
        1,
        1,
        1,
        1,
        null,
        1,
        1,
        1,
        null,
        null,
        1,
        1,
        1,
        1,
        1,
        1,
        null,
        null,
        null,
        null
      ],
      "/Users/spencercarter/turing/3mod/projects/tank_man/spec/features/stores/guest_can_visit_stores_index_spec.rb": [
        1,
        null,
        1,
        1,
        1,
        1,
        1,
        null,
        1,
        null,
        1,
        1,
        null,
        null,
        null,
        null
      ],
      "/Users/spencercarter/turing/3mod/projects/tank_man/spec/features/stores/user_can_see_reviews_spec.rb": [
        1,
        null,
        1,
        1,
        null,
        null,
        null,
        null
      ],
      "/Users/spencercarter/turing/3mod/projects/tank_man/spec/features/stores/user_can_visit_store_show_page_spec.rb": [
        1,
        null,
        1,
        1,
        1,
        1,
        1,
        1,
        0,
        0,
        0,
        0,
        0,
        0,
        0,
        0,
        null,
        null,
        null
      ],
      "/Users/spencercarter/turing/3mod/projects/tank_man/spec/features/stores/user_visits_store_index_spec.rb": [
        1,
        null,
        1,
        null,
        1,
        1,
        1,
        null,
        1,
        1,
        1,
        null,
        1,
        null,
        null,
        null
      ],
      "/Users/spencercarter/turing/3mod/projects/tank_man/spec/features/users/User_can_see_own_dashboard_spec.rb": [
        1,
        null,
        1,
        null,
        1,
        1,
        1,
        null,
        1,
        1,
        1,
        null,
        null,
        1,
        1,
        1,
        null,
        1,
        1,
        1,
        null,
        null,
        null
      ],
      "/Users/spencercarter/turing/3mod/projects/tank_man/spec/features/users/logged_in_user_cannot_see_login_button_spec.rb": [
        1,
        null,
        1,
        1,
        1,
        1,
        null,
        1,
        1,
        1,
        1,
        null,
        null,
        null
      ],
      "/Users/spencercarter/turing/3mod/projects/tank_man/spec/features/users/user_can_see_other_users_tank_spec.rb": [
        1,
        null,
        null,
        1,
        1,
        2,
        2,
        2,
        null,
        2,
        2,
        2,
        null,
        null,
        1,
        null,
        1,
        null,
        1,
        null,
        1,
        1,
        1,
        null,
        null,
        1,
        1,
        1,
        null,
        null,
        1,
        1,
        null,
        null,
        1,
        1,
        null,
        1,
        null,
        1,
        1,
        1,
        1,
        null,
        null,
        1,
        null,
        null
      ],
      "/Users/spencercarter/turing/3mod/projects/tank_man/spec/features/users/user_can_view_their_own_dashboard_spec.rb": [
        1,
        null,
        null,
        1,
        1,
        2,
        2,
        null,
        2,
        2,
        2,
        null,
        null,
        1,
        1,
        1,
        null,
        1,
        1,
        null,
        null,
        1,
        1,
        null,
        1,
        null,
        1,
        1,
        1,
        null,
        null,
        1,
        1,
        1,
        null,
        null,
        1,
        1,
        1,
        null,
        null,
        null,
        1,
        1,
        null,
        1,
        null,
        1,
        1,
        1,
        1,
        null,
        null,
        1,
        null,
        null
      ],
      "/Users/spencercarter/turing/3mod/projects/tank_man/spec/models/store_spec.rb": [
        1,
        null,
        1,
        1,
        1,
        1,
        1,
        1,
        1,
        1,
        null,
        null,
        null,
        null
      ],
      "/Users/spencercarter/turing/3mod/projects/tank_man/app/models/store.rb": [
        1,
        1,
        null,
        null,
        null,
        null,
        null,
        null,
        null,
        null,
        null,
        null,
        null,
        null,
        null,
        1,
        46,
        46,
        46,
        46,
        46,
        46,
        46,
        46,
        46,
        46,
        46,
        46,
        46,
        46,
        46,
        46,
        null,
        null,
        1,
        4,
        4,
        4,
        44,
        null,
        null,
        null,
        1,
        46,
        null,
        null,
        1,
        46,
        null,
        null,
        1,
        2,
        2,
        null,
        null,
        1,
        42,
        16,
        null,
        null,
        1,
        0,
        null,
        null,
        1,
        0,
        0,
        0,
        null,
        null,
        null,
        null,
        1,
        5,
        null,
        null,
        1,
        2,
        2,
        2,
        2,
        1,
        1,
        null,
        null
      ],
      "/Users/spencercarter/turing/3mod/projects/tank_man/spec/models/user_spec.rb": [
        null
      ],
      "/Users/spencercarter/turing/3mod/projects/tank_man/app/controllers/home_controller.rb": [
        1,
        null,
        1,
        1,
        1,
        null,
        null
      ],
      "/Users/spencercarter/turing/3mod/projects/tank_man/app/controllers/application_controller.rb": [
        1,
        1,
        1,
        null,
        1,
        0,
        null,
        null,
        1,
        4,
        null,
        null,
        1,
        2,
        2,
        null,
        0,
        null,
        null,
        null
      ],
      "/Users/spencercarter/turing/3mod/projects/tank_man/app/models/presenter.rb": [
        1,
        null,
        1,
        2,
        null,
        null,
        1,
        2,
        null,
        null,
        1,
        2,
        null,
        null
      ],
      "/Users/spencercarter/turing/3mod/projects/tank_man/app/models/user.rb": [
        1,
        1,
        1,
        null,
        1,
        0,
        0,
        0,
        0,
        0,
        0,
        0,
        0,
        null,
        null,
        null
      ],
      "/Users/spencercarter/turing/3mod/projects/tank_man/app/models/application_record.rb": [
        1,
        1,
        null
      ],
      "/Users/spencercarter/turing/3mod/projects/tank_man/app/models/review.rb": [
        1,
        1,
        null,
        null,
        1,
        1,
        1,
        1,
        1,
        1,
        null,
        null,
        1,
        0,
        null,
        null,
        null
      ],
      "/Users/spencercarter/turing/3mod/projects/tank_man/app/models/tank.rb": [
        1,
        1,
        null
      ],
      "/Users/spencercarter/turing/3mod/projects/tank_man/app/controllers/stores_controller.rb": [
        1,
        1,
        null,
        1,
        4,
        4,
        null,
        null,
        null,
        null,
        null,
        1,
        2,
        2,
        null,
        null
      ],
      "/Users/spencercarter/turing/3mod/projects/tank_man/app/services/google_services.rb": [
        1,
        null,
        1,
        4,
        4,
        null,
        null,
        1,
        0,
        0,
        0,
        0,
        0,
        null,
        null,
        1,
        48,
        48,
        null,
        null,
        1,
        0,
        0,
        null,
        null
      ],
      "/Users/spencercarter/turing/3mod/projects/tank_man/app/services/yelp_services.rb": [
        1,
        null,
        1,
        null,
        46,
        null,
        46,
        46,
        null,
        null,
        1,
        46,
        8,
        null,
        38,
        null,
        null,
        null
      ],
      "/Users/spencercarter/turing/3mod/projects/tank_man/app/services/geo_ip_services.rb": [
        1,
        null,
        1,
        4,
        4,
        null,
        null
      ],
      "/Users/spencercarter/turing/3mod/projects/tank_man/app/controllers/user/dashboard_controller.rb": [
        1,
        1,
        6,
        null,
        null
      ],
      "/Users/spencercarter/turing/3mod/projects/tank_man/app/controllers/user/profile_controller.rb": [
        1,
        null,
        1,
        1,
        null,
        null,
        null
      ],
      "/Users/spencercarter/turing/3mod/projects/tank_man/app/controllers/user/tank_controller.rb": [
        1,
        null,
        null,
        1,
        2,
        null,
        null
      ]
    },
    "timestamp": 1492580278
  }
}
